2015-09-05 09:36:26,369 WARN org.apache.hadoop.util.NativeCodeLoader: Unable to load native-hadoop library for your platform... using builtin-java classes where applicable
2015-09-05 09:49:03,000 WARN org.apache.hadoop.util.NativeCodeLoader: Unable to load native-hadoop library for your platform... using builtin-java classes where applicable
2015-09-05 09:59:45,902 WARN org.apache.hadoop.util.NativeCodeLoader: Unable to load native-hadoop library for your platform... using builtin-java classes where applicable
2015-09-05 10:15:18,498 WARN org.apache.hadoop.util.NativeCodeLoader: Unable to load native-hadoop library for your platform... using builtin-java classes where applicable
2015-09-05 10:15:19,286 INFO org.apache.hadoop.conf.Configuration.deprecation: session.id is deprecated. Instead, use dfs.metrics.session-id
2015-09-05 10:15:19,293 INFO org.apache.hadoop.metrics.jvm.JvmMetrics: Initializing JVM Metrics with processName=JobTracker, sessionId=
2015-09-05 10:15:20,596 WARN org.apache.hadoop.mapreduce.JobSubmitter: Hadoop command-line option parsing not performed. Implement the Tool interface and execute your application with ToolRunner to remedy this.
2015-09-05 10:15:20,601 WARN org.apache.hadoop.mapreduce.JobSubmitter: No job jar file set.  User classes may not be found. See Job or Job#setJar(String).
2015-09-05 10:15:20,614 INFO org.apache.hadoop.mapreduce.lib.input.FileInputFormat: Total input paths to process : 1
2015-09-05 10:15:20,752 INFO org.apache.hadoop.mapreduce.JobSubmitter: number of splits:1
2015-09-05 10:15:21,458 INFO org.apache.hadoop.mapreduce.JobSubmitter: Submitting tokens for job: job_local808136856_0001
2015-09-05 10:15:22,236 INFO org.apache.hadoop.mapreduce.Job: The url to track the job: http://localhost:8080/
2015-09-05 10:15:22,240 INFO org.apache.hadoop.mapreduce.Job: Running job: job_local808136856_0001
2015-09-05 10:15:22,246 INFO org.apache.hadoop.mapred.LocalJobRunner: OutputCommitter set in config null
2015-09-05 10:15:22,252 INFO org.apache.hadoop.mapreduce.lib.output.FileOutputCommitter: File Output Committer Algorithm version is 1
2015-09-05 10:15:22,279 INFO org.apache.hadoop.mapred.LocalJobRunner: OutputCommitter is org.apache.hadoop.mapreduce.lib.output.FileOutputCommitter
2015-09-05 10:15:22,445 INFO org.apache.hadoop.mapred.LocalJobRunner: Waiting for map tasks
2015-09-05 10:15:22,447 INFO org.apache.hadoop.mapred.LocalJobRunner: Starting task: attempt_local808136856_0001_m_000000_0
2015-09-05 10:15:22,602 INFO org.apache.hadoop.mapreduce.lib.output.FileOutputCommitter: File Output Committer Algorithm version is 1
2015-09-05 10:15:22,708 INFO org.apache.hadoop.mapred.Task:  Using ResourceCalculatorProcessTree : [ ]
2015-09-05 10:15:22,725 INFO org.apache.hadoop.mapred.MapTask: Processing split: file:/home/cloudera/Documents/input.txt:0+5589886
2015-09-05 10:15:23,184 INFO org.apache.hadoop.mapred.MapTask: (EQUATOR) 0 kvi 26214396(104857584)
2015-09-05 10:15:23,185 INFO org.apache.hadoop.mapred.MapTask: mapreduce.task.io.sort.mb: 100
2015-09-05 10:15:23,185 INFO org.apache.hadoop.mapred.MapTask: soft limit at 83886080
2015-09-05 10:15:23,185 INFO org.apache.hadoop.mapred.MapTask: bufstart = 0; bufvoid = 104857600
2015-09-05 10:15:23,185 INFO org.apache.hadoop.mapred.MapTask: kvstart = 26214396; length = 6553600
2015-09-05 10:15:23,205 INFO org.apache.hadoop.mapred.MapTask: Map output collector class = org.apache.hadoop.mapred.MapTask$MapOutputBuffer
2015-09-05 10:15:23,248 INFO org.apache.hadoop.mapreduce.Job: Job job_local808136856_0001 running in uber mode : false
2015-09-05 10:15:23,327 INFO org.apache.hadoop.mapreduce.Job:  map 0% reduce 0%
2015-09-05 10:15:24,791 INFO org.apache.hadoop.mapred.LocalJobRunner: 
2015-09-05 10:15:24,792 INFO org.apache.hadoop.mapred.MapTask: Starting flush of map output
2015-09-05 10:15:24,792 INFO org.apache.hadoop.mapred.MapTask: Spilling map output
2015-09-05 10:15:24,792 INFO org.apache.hadoop.mapred.MapTask: bufstart = 0; bufend = 8574733; bufvoid = 104857600
2015-09-05 10:15:24,792 INFO org.apache.hadoop.mapred.MapTask: kvstart = 26214396(104857584); kvend = 22598156(90392624); length = 3616241/6553600
2015-09-05 10:15:27,001 INFO org.apache.hadoop.mapred.MapTask: Finished spill 0
2015-09-05 10:15:27,027 INFO org.apache.hadoop.mapred.Task: Task:attempt_local808136856_0001_m_000000_0 is done. And is in the process of committing
2015-09-05 10:15:27,064 INFO org.apache.hadoop.mapred.LocalJobRunner: map
2015-09-05 10:15:27,065 INFO org.apache.hadoop.mapred.Task: Task 'attempt_local808136856_0001_m_000000_0' done.
2015-09-05 10:15:27,065 INFO org.apache.hadoop.mapred.LocalJobRunner: Finishing task: attempt_local808136856_0001_m_000000_0
2015-09-05 10:15:27,065 INFO org.apache.hadoop.mapred.LocalJobRunner: map task executor complete.
2015-09-05 10:15:27,088 INFO org.apache.hadoop.mapred.LocalJobRunner: Waiting for reduce tasks
2015-09-05 10:15:27,089 INFO org.apache.hadoop.mapred.LocalJobRunner: Starting task: attempt_local808136856_0001_r_000000_0
2015-09-05 10:15:27,097 INFO org.apache.hadoop.mapreduce.lib.output.FileOutputCommitter: File Output Committer Algorithm version is 1
2015-09-05 10:15:27,098 INFO org.apache.hadoop.mapred.Task:  Using ResourceCalculatorProcessTree : [ ]
2015-09-05 10:15:27,103 INFO org.apache.hadoop.mapred.ReduceTask: Using ShuffleConsumerPlugin: org.apache.hadoop.mapreduce.task.reduce.Shuffle@5816e125
2015-09-05 10:15:27,137 INFO org.apache.hadoop.mapreduce.task.reduce.MergeManagerImpl: MergerManager: memoryLimit=681154944, maxSingleShuffleLimit=170288736, mergeThreshold=449562272, ioSortFactor=10, memToMemMergeOutputsThreshold=10
2015-09-05 10:15:27,144 INFO org.apache.hadoop.mapreduce.task.reduce.EventFetcher: attempt_local808136856_0001_r_000000_0 Thread started: EventFetcher for fetching Map Completion Events
2015-09-05 10:15:27,359 INFO org.apache.hadoop.mapreduce.Job:  map 100% reduce 0%
2015-09-05 10:15:27,416 INFO org.apache.hadoop.mapreduce.task.reduce.LocalFetcher: localfetcher#1 about to shuffle output of map attempt_local808136856_0001_m_000000_0 decomp: 983183 len: 983187 to MEMORY
2015-09-05 10:15:27,579 INFO org.apache.hadoop.mapreduce.task.reduce.InMemoryMapOutput: Read 983183 bytes from map-output for attempt_local808136856_0001_m_000000_0
2015-09-05 10:15:27,712 INFO org.apache.hadoop.mapreduce.task.reduce.MergeManagerImpl: closeInMemoryFile -> map-output of size: 983183, inMemoryMapOutputs.size() -> 1, commitMemory -> 0, usedMemory ->983183
2015-09-05 10:15:27,717 INFO org.apache.hadoop.mapreduce.task.reduce.EventFetcher: EventFetcher is interrupted.. Returning
2015-09-05 10:15:27,719 INFO org.apache.hadoop.mapred.LocalJobRunner: 1 / 1 copied.
2015-09-05 10:15:27,720 INFO org.apache.hadoop.mapreduce.task.reduce.MergeManagerImpl: finalMerge called with 1 in-memory map-outputs and 0 on-disk map-outputs
2015-09-05 10:15:27,751 INFO org.apache.hadoop.mapred.Merger: Merging 1 sorted segments
2015-09-05 10:15:27,752 INFO org.apache.hadoop.mapred.Merger: Down to the last merge-pass, with 1 segments left of total size: 983179 bytes
2015-09-05 10:15:28,132 INFO org.apache.hadoop.mapreduce.task.reduce.MergeManagerImpl: Merged 1 segments, 983183 bytes to disk to satisfy reduce memory limit
2015-09-05 10:15:28,132 INFO org.apache.hadoop.mapreduce.task.reduce.MergeManagerImpl: Merging 1 files, 983187 bytes from disk
2015-09-05 10:15:28,133 INFO org.apache.hadoop.mapreduce.task.reduce.MergeManagerImpl: Merging 0 segments, 0 bytes from memory into reduce
2015-09-05 10:15:28,133 INFO org.apache.hadoop.mapred.Merger: Merging 1 sorted segments
2015-09-05 10:15:28,134 INFO org.apache.hadoop.mapred.Merger: Down to the last merge-pass, with 1 segments left of total size: 983179 bytes
2015-09-05 10:15:28,134 INFO org.apache.hadoop.mapred.LocalJobRunner: 1 / 1 copied.
2015-09-05 10:15:28,174 INFO org.apache.hadoop.conf.Configuration.deprecation: mapred.skip.on is deprecated. Instead, use mapreduce.job.skiprecords
2015-09-05 10:15:29,104 INFO org.apache.hadoop.mapred.Task: Task:attempt_local808136856_0001_r_000000_0 is done. And is in the process of committing
2015-09-05 10:15:29,105 INFO org.apache.hadoop.mapred.LocalJobRunner: 1 / 1 copied.
2015-09-05 10:15:29,106 INFO org.apache.hadoop.mapred.Task: Task attempt_local808136856_0001_r_000000_0 is allowed to commit now
2015-09-05 10:15:29,107 INFO org.apache.hadoop.mapreduce.lib.output.FileOutputCommitter: Saved output of task 'attempt_local808136856_0001_r_000000_0' to file:/home/cloudera/Documents/output.txt/_temporary/0/task_local808136856_0001_r_000000
2015-09-05 10:15:29,108 INFO org.apache.hadoop.mapred.LocalJobRunner: reduce > reduce
2015-09-05 10:15:29,109 INFO org.apache.hadoop.mapred.Task: Task 'attempt_local808136856_0001_r_000000_0' done.
2015-09-05 10:15:29,109 INFO org.apache.hadoop.mapred.LocalJobRunner: Finishing task: attempt_local808136856_0001_r_000000_0
2015-09-05 10:15:29,109 INFO org.apache.hadoop.mapred.LocalJobRunner: reduce task executor complete.
2015-09-05 10:15:29,368 INFO org.apache.hadoop.mapreduce.Job:  map 100% reduce 100%
2015-09-05 10:15:29,368 INFO org.apache.hadoop.mapreduce.Job: Job job_local808136856_0001 completed successfully
2015-09-05 10:15:29,403 INFO org.apache.hadoop.mapreduce.Job: Counters: 33
	File System Counters
		FILE: Number of bytes read=13146500
		FILE: Number of bytes written=4195423
		FILE: Number of read operations=0
		FILE: Number of large read operations=0
		FILE: Number of write operations=0
	Map-Reduce Framework
		Map input records=124787
		Map output records=904061
		Map output bytes=8574733
		Map output materialized bytes=983187
		Input split bytes=104
		Combine input records=904061
		Combine output records=67779
		Reduce input groups=67779
		Reduce shuffle bytes=983187
		Reduce input records=67779
		Reduce output records=67779
		Spilled Records=135558
		Shuffled Maps =1
		Failed Shuffles=0
		Merged Map outputs=1
		GC time elapsed (ms)=106
		CPU time spent (ms)=0
		Physical memory (bytes) snapshot=0
		Virtual memory (bytes) snapshot=0
		Total committed heap usage (bytes)=331489280
	Shuffle Errors
		BAD_ID=0
		CONNECTION=0
		IO_ERROR=0
		WRONG_LENGTH=0
		WRONG_MAP=0
		WRONG_REDUCE=0
	File Input Format Counters 
		Bytes Read=5589886
	File Output Format Counters 
		Bytes Written=726616
2015-09-05 10:21:54,807 WARN org.apache.hadoop.util.NativeCodeLoader: Unable to load native-hadoop library for your platform... using builtin-java classes where applicable
2015-09-05 10:21:55,298 INFO org.apache.hadoop.conf.Configuration.deprecation: session.id is deprecated. Instead, use dfs.metrics.session-id
2015-09-05 10:21:55,302 INFO org.apache.hadoop.metrics.jvm.JvmMetrics: Initializing JVM Metrics with processName=JobTracker, sessionId=
2015-09-05 10:21:55,540 WARN org.apache.hadoop.security.UserGroupInformation: PriviledgedActionException as:cloudera (auth:SIMPLE) cause:org.apache.hadoop.mapred.FileAlreadyExistsException: Output directory file:/home/cloudera/Documents/output.txt already exists
2015-09-05 10:22:59,061 WARN org.apache.hadoop.util.NativeCodeLoader: Unable to load native-hadoop library for your platform... using builtin-java classes where applicable
2015-09-05 10:22:59,490 INFO org.apache.hadoop.conf.Configuration.deprecation: session.id is deprecated. Instead, use dfs.metrics.session-id
2015-09-05 10:22:59,494 INFO org.apache.hadoop.metrics.jvm.JvmMetrics: Initializing JVM Metrics with processName=JobTracker, sessionId=
2015-09-05 10:23:00,287 WARN org.apache.hadoop.mapreduce.JobSubmitter: No job jar file set.  User classes may not be found. See Job or Job#setJar(String).
2015-09-05 10:23:00,297 INFO org.apache.hadoop.mapreduce.lib.input.FileInputFormat: Total input paths to process : 1
2015-09-05 10:23:00,385 INFO org.apache.hadoop.mapreduce.JobSubmitter: number of splits:1
2015-09-05 10:23:00,887 INFO org.apache.hadoop.mapreduce.JobSubmitter: Submitting tokens for job: job_local1538749322_0001
2015-09-05 10:23:01,451 INFO org.apache.hadoop.mapreduce.Job: The url to track the job: http://localhost:8080/
2015-09-05 10:23:01,454 INFO org.apache.hadoop.mapreduce.Job: Running job: job_local1538749322_0001
2015-09-05 10:23:01,456 INFO org.apache.hadoop.mapred.LocalJobRunner: OutputCommitter set in config null
2015-09-05 10:23:01,468 INFO org.apache.hadoop.mapreduce.lib.output.FileOutputCommitter: File Output Committer Algorithm version is 1
2015-09-05 10:23:01,474 INFO org.apache.hadoop.mapred.LocalJobRunner: OutputCommitter is org.apache.hadoop.mapreduce.lib.output.FileOutputCommitter
2015-09-05 10:23:01,619 INFO org.apache.hadoop.mapred.LocalJobRunner: Waiting for map tasks
2015-09-05 10:23:01,631 INFO org.apache.hadoop.mapred.LocalJobRunner: Starting task: attempt_local1538749322_0001_m_000000_0
2015-09-05 10:23:01,709 INFO org.apache.hadoop.mapreduce.lib.output.FileOutputCommitter: File Output Committer Algorithm version is 1
2015-09-05 10:23:01,763 INFO org.apache.hadoop.mapred.Task:  Using ResourceCalculatorProcessTree : [ ]
2015-09-05 10:23:01,771 INFO org.apache.hadoop.mapred.MapTask: Processing split: file:/home/cloudera/Documents/input.txt:0+5589886
2015-09-05 10:23:01,923 INFO org.apache.hadoop.mapred.MapTask: (EQUATOR) 0 kvi 26214396(104857584)
2015-09-05 10:23:01,923 INFO org.apache.hadoop.mapred.MapTask: mapreduce.task.io.sort.mb: 100
2015-09-05 10:23:01,923 INFO org.apache.hadoop.mapred.MapTask: soft limit at 83886080
2015-09-05 10:23:01,923 INFO org.apache.hadoop.mapred.MapTask: bufstart = 0; bufvoid = 104857600
2015-09-05 10:23:01,923 INFO org.apache.hadoop.mapred.MapTask: kvstart = 26214396; length = 6553600
2015-09-05 10:23:01,941 INFO org.apache.hadoop.mapred.MapTask: Map output collector class = org.apache.hadoop.mapred.MapTask$MapOutputBuffer
2015-09-05 10:23:02,459 INFO org.apache.hadoop.mapreduce.Job: Job job_local1538749322_0001 running in uber mode : false
2015-09-05 10:23:02,500 INFO org.apache.hadoop.mapreduce.Job:  map 0% reduce 0%
2015-09-05 10:23:03,650 INFO org.apache.hadoop.mapred.LocalJobRunner: 
2015-09-05 10:23:03,650 INFO org.apache.hadoop.mapred.MapTask: Starting flush of map output
2015-09-05 10:23:03,650 INFO org.apache.hadoop.mapred.MapTask: Spilling map output
2015-09-05 10:23:03,650 INFO org.apache.hadoop.mapred.MapTask: bufstart = 0; bufend = 9171648; bufvoid = 104857600
2015-09-05 10:23:03,650 INFO org.apache.hadoop.mapred.MapTask: kvstart = 26214396(104857584); kvend = 22120624(88482496); length = 4093773/6553600
2015-09-05 10:23:05,478 INFO org.apache.hadoop.mapred.MapTask: Finished spill 0
2015-09-05 10:23:05,504 INFO org.apache.hadoop.mapred.Task: Task:attempt_local1538749322_0001_m_000000_0 is done. And is in the process of committing
2015-09-05 10:23:05,539 INFO org.apache.hadoop.mapred.LocalJobRunner: map
2015-09-05 10:23:05,539 INFO org.apache.hadoop.mapred.Task: Task 'attempt_local1538749322_0001_m_000000_0' done.
2015-09-05 10:23:05,539 INFO org.apache.hadoop.mapred.LocalJobRunner: Finishing task: attempt_local1538749322_0001_m_000000_0
2015-09-05 10:23:05,539 INFO org.apache.hadoop.mapred.LocalJobRunner: map task executor complete.
2015-09-05 10:23:05,553 INFO org.apache.hadoop.mapred.LocalJobRunner: Waiting for reduce tasks
2015-09-05 10:23:05,554 INFO org.apache.hadoop.mapred.LocalJobRunner: Starting task: attempt_local1538749322_0001_r_000000_0
2015-09-05 10:23:05,561 INFO org.apache.hadoop.mapreduce.lib.output.FileOutputCommitter: File Output Committer Algorithm version is 1
2015-09-05 10:23:05,561 INFO org.apache.hadoop.mapred.Task:  Using ResourceCalculatorProcessTree : [ ]
2015-09-05 10:23:05,566 INFO org.apache.hadoop.mapred.ReduceTask: Using ShuffleConsumerPlugin: org.apache.hadoop.mapreduce.task.reduce.Shuffle@784b1bcd
2015-09-05 10:23:05,588 INFO org.apache.hadoop.mapreduce.task.reduce.MergeManagerImpl: MergerManager: memoryLimit=681154944, maxSingleShuffleLimit=170288736, mergeThreshold=449562272, ioSortFactor=10, memToMemMergeOutputsThreshold=10
2015-09-05 10:23:05,594 INFO org.apache.hadoop.mapreduce.task.reduce.EventFetcher: attempt_local1538749322_0001_r_000000_0 Thread started: EventFetcher for fetching Map Completion Events
2015-09-05 10:23:05,659 INFO org.apache.hadoop.mapreduce.task.reduce.LocalFetcher: localfetcher#1 about to shuffle output of map attempt_local1538749322_0001_m_000000_0 decomp: 11218538 len: 11218542 to MEMORY
2015-09-05 10:23:05,720 INFO org.apache.hadoop.mapreduce.task.reduce.InMemoryMapOutput: Read 11218538 bytes from map-output for attempt_local1538749322_0001_m_000000_0
2015-09-05 10:23:05,777 INFO org.apache.hadoop.mapreduce.task.reduce.MergeManagerImpl: closeInMemoryFile -> map-output of size: 11218538, inMemoryMapOutputs.size() -> 1, commitMemory -> 0, usedMemory ->11218538
2015-09-05 10:23:05,784 INFO org.apache.hadoop.mapreduce.task.reduce.EventFetcher: EventFetcher is interrupted.. Returning
2015-09-05 10:23:05,786 INFO org.apache.hadoop.mapred.LocalJobRunner: 1 / 1 copied.
2015-09-05 10:23:05,788 INFO org.apache.hadoop.mapreduce.task.reduce.MergeManagerImpl: finalMerge called with 1 in-memory map-outputs and 0 on-disk map-outputs
2015-09-05 10:23:05,795 INFO org.apache.hadoop.mapred.Merger: Merging 1 sorted segments
2015-09-05 10:23:05,796 INFO org.apache.hadoop.mapred.Merger: Down to the last merge-pass, with 1 segments left of total size: 11218535 bytes
2015-09-05 10:23:06,504 INFO org.apache.hadoop.mapreduce.Job:  map 100% reduce 0%
2015-09-05 10:23:06,688 INFO org.apache.hadoop.mapreduce.task.reduce.MergeManagerImpl: Merged 1 segments, 11218538 bytes to disk to satisfy reduce memory limit
2015-09-05 10:23:06,692 INFO org.apache.hadoop.mapreduce.task.reduce.MergeManagerImpl: Merging 1 files, 11218542 bytes from disk
2015-09-05 10:23:06,694 INFO org.apache.hadoop.mapreduce.task.reduce.MergeManagerImpl: Merging 0 segments, 0 bytes from memory into reduce
2015-09-05 10:23:06,694 INFO org.apache.hadoop.mapred.Merger: Merging 1 sorted segments
2015-09-05 10:23:06,695 INFO org.apache.hadoop.mapred.Merger: Down to the last merge-pass, with 1 segments left of total size: 11218535 bytes
2015-09-05 10:23:06,695 INFO org.apache.hadoop.mapred.LocalJobRunner: 1 / 1 copied.
2015-09-05 10:23:06,780 INFO org.apache.hadoop.conf.Configuration.deprecation: mapred.skip.on is deprecated. Instead, use mapreduce.job.skiprecords
2015-09-05 10:23:07,982 INFO org.apache.hadoop.mapred.Task: Task:attempt_local1538749322_0001_r_000000_0 is done. And is in the process of committing
2015-09-05 10:23:07,984 INFO org.apache.hadoop.mapred.LocalJobRunner: 1 / 1 copied.
2015-09-05 10:23:07,984 INFO org.apache.hadoop.mapred.Task: Task attempt_local1538749322_0001_r_000000_0 is allowed to commit now
2015-09-05 10:23:07,985 INFO org.apache.hadoop.mapreduce.lib.output.FileOutputCommitter: Saved output of task 'attempt_local1538749322_0001_r_000000_0' to file:/home/cloudera/Documents/output.txt/_temporary/0/task_local1538749322_0001_r_000000
2015-09-05 10:23:07,986 INFO org.apache.hadoop.mapred.LocalJobRunner: reduce > reduce
2015-09-05 10:23:07,986 INFO org.apache.hadoop.mapred.Task: Task 'attempt_local1538749322_0001_r_000000_0' done.
2015-09-05 10:23:07,986 INFO org.apache.hadoop.mapred.LocalJobRunner: Finishing task: attempt_local1538749322_0001_r_000000_0
2015-09-05 10:23:07,986 INFO org.apache.hadoop.mapred.LocalJobRunner: reduce task executor complete.
2015-09-05 10:23:08,506 INFO org.apache.hadoop.mapreduce.Job:  map 100% reduce 100%
2015-09-05 10:23:08,506 INFO org.apache.hadoop.mapreduce.Job: Job job_local1538749322_0001 completed successfully
2015-09-05 10:23:08,551 INFO org.apache.hadoop.mapreduce.Job: Counters: 33
	File System Counters
		FILE: Number of bytes read=33617210
		FILE: Number of bytes written=34905924
		FILE: Number of read operations=0
		FILE: Number of large read operations=0
		FILE: Number of write operations=0
	Map-Reduce Framework
		Map input records=124787
		Map output records=1023444
		Map output bytes=9171648
		Map output materialized bytes=11218542
		Input split bytes=104
		Combine input records=0
		Combine output records=0
		Reduce input groups=67780
		Reduce shuffle bytes=11218542
		Reduce input records=1023444
		Reduce output records=67780
		Spilled Records=2046888
		Shuffled Maps =1
		Failed Shuffles=0
		Merged Map outputs=1
		GC time elapsed (ms)=52
		CPU time spent (ms)=0
		Physical memory (bytes) snapshot=0
		Virtual memory (bytes) snapshot=0
		Total committed heap usage (bytes)=331489280
	Shuffle Errors
		BAD_ID=0
		CONNECTION=0
		IO_ERROR=0
		WRONG_LENGTH=0
		WRONG_MAP=0
		WRONG_REDUCE=0
	File Input Format Counters 
		Bytes Read=5589886
	File Output Format Counters 
		Bytes Written=726624
2015-09-05 10:50:20,347 WARN org.apache.hadoop.util.NativeCodeLoader: Unable to load native-hadoop library for your platform... using builtin-java classes where applicable
2015-09-05 10:50:21,159 INFO org.apache.hadoop.conf.Configuration.deprecation: session.id is deprecated. Instead, use dfs.metrics.session-id
2015-09-05 10:50:21,168 INFO org.apache.hadoop.metrics.jvm.JvmMetrics: Initializing JVM Metrics with processName=JobTracker, sessionId=
2015-09-05 10:50:22,535 WARN org.apache.hadoop.mapreduce.JobSubmitter: No job jar file set.  User classes may not be found. See Job or Job#setJar(String).
2015-09-05 10:50:22,566 INFO org.apache.hadoop.mapreduce.lib.input.FileInputFormat: Total input paths to process : 1
2015-09-05 10:50:22,736 INFO org.apache.hadoop.mapreduce.JobSubmitter: number of splits:1
2015-09-05 10:50:23,533 INFO org.apache.hadoop.mapreduce.JobSubmitter: Submitting tokens for job: job_local1557724242_0001
2015-09-05 10:50:24,177 INFO org.apache.hadoop.mapreduce.Job: The url to track the job: http://localhost:8080/
2015-09-05 10:50:24,179 INFO org.apache.hadoop.mapreduce.Job: Running job: job_local1557724242_0001
2015-09-05 10:50:24,184 INFO org.apache.hadoop.mapred.LocalJobRunner: OutputCommitter set in config null
2015-09-05 10:50:24,190 INFO org.apache.hadoop.mapreduce.lib.output.FileOutputCommitter: File Output Committer Algorithm version is 1
2015-09-05 10:50:24,223 INFO org.apache.hadoop.mapred.LocalJobRunner: OutputCommitter is org.apache.hadoop.mapreduce.lib.output.FileOutputCommitter
2015-09-05 10:50:24,401 INFO org.apache.hadoop.mapred.LocalJobRunner: Waiting for map tasks
2015-09-05 10:50:24,402 INFO org.apache.hadoop.mapred.LocalJobRunner: Starting task: attempt_local1557724242_0001_m_000000_0
2015-09-05 10:50:24,530 INFO org.apache.hadoop.mapreduce.lib.output.FileOutputCommitter: File Output Committer Algorithm version is 1
2015-09-05 10:50:24,591 INFO org.apache.hadoop.mapred.Task:  Using ResourceCalculatorProcessTree : [ ]
2015-09-05 10:50:24,597 INFO org.apache.hadoop.mapred.MapTask: Processing split: file:/home/cloudera/Documents/input.txt:0+5589886
2015-09-05 10:50:25,184 INFO org.apache.hadoop.mapreduce.Job: Job job_local1557724242_0001 running in uber mode : false
2015-09-05 10:50:25,428 INFO org.apache.hadoop.mapreduce.Job:  map 0% reduce 0%
2015-09-05 10:50:27,170 INFO org.apache.hadoop.mapred.MapTask: (EQUATOR) 0 kvi 26214396(104857584)
2015-09-05 10:50:27,170 INFO org.apache.hadoop.mapred.MapTask: mapreduce.task.io.sort.mb: 100
2015-09-05 10:50:27,170 INFO org.apache.hadoop.mapred.MapTask: soft limit at 83886080
2015-09-05 10:50:27,170 INFO org.apache.hadoop.mapred.MapTask: bufstart = 0; bufvoid = 104857600
2015-09-05 10:50:27,170 INFO org.apache.hadoop.mapred.MapTask: kvstart = 26214396; length = 6553600
2015-09-05 10:50:27,245 INFO org.apache.hadoop.mapred.MapTask: Map output collector class = org.apache.hadoop.mapred.MapTask$MapOutputBuffer
2015-09-05 10:50:29,041 INFO org.apache.hadoop.mapred.LocalJobRunner: 
2015-09-05 10:50:29,041 INFO org.apache.hadoop.mapred.MapTask: Starting flush of map output
2015-09-05 10:50:29,042 INFO org.apache.hadoop.mapred.MapTask: Spilling map output
2015-09-05 10:50:29,042 INFO org.apache.hadoop.mapred.MapTask: bufstart = 0; bufend = 2539509; bufvoid = 104857600
2015-09-05 10:50:29,042 INFO org.apache.hadoop.mapred.MapTask: kvstart = 26214396(104857584); kvend = 24763252(99053008); length = 1451145/6553600
2015-09-05 10:50:29,900 INFO org.apache.hadoop.mapred.MapTask: Finished spill 0
2015-09-05 10:50:29,958 INFO org.apache.hadoop.mapred.Task: Task:attempt_local1557724242_0001_m_000000_0 is done. And is in the process of committing
2015-09-05 10:50:29,998 INFO org.apache.hadoop.mapred.LocalJobRunner: map
2015-09-05 10:50:29,998 INFO org.apache.hadoop.mapred.Task: Task 'attempt_local1557724242_0001_m_000000_0' done.
2015-09-05 10:50:29,999 INFO org.apache.hadoop.mapred.LocalJobRunner: Finishing task: attempt_local1557724242_0001_m_000000_0
2015-09-05 10:50:29,999 INFO org.apache.hadoop.mapred.LocalJobRunner: map task executor complete.
2015-09-05 10:50:30,023 INFO org.apache.hadoop.mapred.LocalJobRunner: Waiting for reduce tasks
2015-09-05 10:50:30,024 INFO org.apache.hadoop.mapred.LocalJobRunner: Starting task: attempt_local1557724242_0001_r_000000_0
2015-09-05 10:50:30,042 INFO org.apache.hadoop.mapreduce.lib.output.FileOutputCommitter: File Output Committer Algorithm version is 1
2015-09-05 10:50:30,043 INFO org.apache.hadoop.mapred.Task:  Using ResourceCalculatorProcessTree : [ ]
2015-09-05 10:50:30,059 INFO org.apache.hadoop.mapred.ReduceTask: Using ShuffleConsumerPlugin: org.apache.hadoop.mapreduce.task.reduce.Shuffle@2e57d154
2015-09-05 10:50:30,077 INFO org.apache.hadoop.mapreduce.task.reduce.MergeManagerImpl: MergerManager: memoryLimit=681154944, maxSingleShuffleLimit=170288736, mergeThreshold=449562272, ioSortFactor=10, memToMemMergeOutputsThreshold=10
2015-09-05 10:50:30,084 INFO org.apache.hadoop.mapreduce.task.reduce.EventFetcher: attempt_local1557724242_0001_r_000000_0 Thread started: EventFetcher for fetching Map Completion Events
2015-09-05 10:50:30,301 INFO org.apache.hadoop.mapreduce.task.reduce.LocalFetcher: localfetcher#1 about to shuffle output of map attempt_local1557724242_0001_m_000000_0 decomp: 3265085 len: 3265089 to MEMORY
2015-09-05 10:50:30,434 INFO org.apache.hadoop.mapreduce.task.reduce.InMemoryMapOutput: Read 3265085 bytes from map-output for attempt_local1557724242_0001_m_000000_0
2015-09-05 10:50:30,633 INFO org.apache.hadoop.mapreduce.task.reduce.MergeManagerImpl: closeInMemoryFile -> map-output of size: 3265085, inMemoryMapOutputs.size() -> 1, commitMemory -> 0, usedMemory ->3265085
2015-09-05 10:50:30,638 INFO org.apache.hadoop.mapreduce.task.reduce.EventFetcher: EventFetcher is interrupted.. Returning
2015-09-05 10:50:30,639 INFO org.apache.hadoop.mapred.LocalJobRunner: 1 / 1 copied.
2015-09-05 10:50:30,639 INFO org.apache.hadoop.mapreduce.task.reduce.MergeManagerImpl: finalMerge called with 1 in-memory map-outputs and 0 on-disk map-outputs
2015-09-05 10:50:30,651 INFO org.apache.hadoop.mapred.Merger: Merging 1 sorted segments
2015-09-05 10:50:30,654 INFO org.apache.hadoop.mapred.Merger: Down to the last merge-pass, with 1 segments left of total size: 3265080 bytes
2015-09-05 10:50:30,787 INFO org.apache.hadoop.mapreduce.Job:  map 100% reduce 0%
2015-09-05 10:50:31,323 INFO org.apache.hadoop.mapreduce.task.reduce.MergeManagerImpl: Merged 1 segments, 3265085 bytes to disk to satisfy reduce memory limit
2015-09-05 10:50:31,324 INFO org.apache.hadoop.mapreduce.task.reduce.MergeManagerImpl: Merging 1 files, 3265089 bytes from disk
2015-09-05 10:50:31,338 INFO org.apache.hadoop.mapreduce.task.reduce.MergeManagerImpl: Merging 0 segments, 0 bytes from memory into reduce
2015-09-05 10:50:31,338 INFO org.apache.hadoop.mapred.Merger: Merging 1 sorted segments
2015-09-05 10:50:31,339 INFO org.apache.hadoop.mapred.Merger: Down to the last merge-pass, with 1 segments left of total size: 3265080 bytes
2015-09-05 10:50:31,340 INFO org.apache.hadoop.mapred.LocalJobRunner: 1 / 1 copied.
2015-09-05 10:50:31,893 INFO org.apache.hadoop.conf.Configuration.deprecation: mapred.skip.on is deprecated. Instead, use mapreduce.job.skiprecords
2015-09-05 10:50:32,628 INFO org.apache.hadoop.mapred.Task: Task:attempt_local1557724242_0001_r_000000_0 is done. And is in the process of committing
2015-09-05 10:50:32,637 INFO org.apache.hadoop.mapred.LocalJobRunner: 1 / 1 copied.
2015-09-05 10:50:32,639 INFO org.apache.hadoop.mapred.Task: Task attempt_local1557724242_0001_r_000000_0 is allowed to commit now
2015-09-05 10:50:32,640 INFO org.apache.hadoop.mapreduce.lib.output.FileOutputCommitter: Saved output of task 'attempt_local1557724242_0001_r_000000_0' to file:/home/cloudera/Documents/output.txt/_temporary/0/task_local1557724242_0001_r_000000
2015-09-05 10:50:32,645 INFO org.apache.hadoop.mapred.LocalJobRunner: reduce > reduce
2015-09-05 10:50:32,648 INFO org.apache.hadoop.mapred.Task: Task 'attempt_local1557724242_0001_r_000000_0' done.
2015-09-05 10:50:32,648 INFO org.apache.hadoop.mapred.LocalJobRunner: Finishing task: attempt_local1557724242_0001_r_000000_0
2015-09-05 10:50:32,648 INFO org.apache.hadoop.mapred.LocalJobRunner: reduce task executor complete.
2015-09-05 10:50:32,789 INFO org.apache.hadoop.mapreduce.Job:  map 100% reduce 100%
2015-09-05 10:50:33,790 INFO org.apache.hadoop.mapreduce.Job: Job job_local1557724242_0001 completed successfully
2015-09-05 10:50:33,828 INFO org.apache.hadoop.mapreduce.Job: Counters: 33
	File System Counters
		FILE: Number of bytes read=17710304
		FILE: Number of bytes written=10319171
		FILE: Number of read operations=0
		FILE: Number of large read operations=0
		FILE: Number of write operations=0
	Map-Reduce Framework
		Map input records=124787
		Map output records=362787
		Map output bytes=2539509
		Map output materialized bytes=3265089
		Input split bytes=104
		Combine input records=0
		Combine output records=0
		Reduce input groups=26
		Reduce shuffle bytes=3265089
		Reduce input records=362787
		Reduce output records=26
		Spilled Records=725574
		Shuffled Maps =1
		Failed Shuffles=0
		Merged Map outputs=1
		GC time elapsed (ms)=82
		CPU time spent (ms)=0
		Physical memory (bytes) snapshot=0
		Virtual memory (bytes) snapshot=0
		Total committed heap usage (bytes)=331489280
	Shuffle Errors
		BAD_ID=0
		CONNECTION=0
		IO_ERROR=0
		WRONG_LENGTH=0
		WRONG_MAP=0
		WRONG_REDUCE=0
	File Input Format Counters 
		Bytes Read=5589886
	File Output Format Counters 
		Bytes Written=230
2015-09-05 10:57:12,047 WARN org.apache.hadoop.util.NativeCodeLoader: Unable to load native-hadoop library for your platform... using builtin-java classes where applicable
2015-09-05 10:57:12,624 INFO org.apache.hadoop.conf.Configuration.deprecation: session.id is deprecated. Instead, use dfs.metrics.session-id
2015-09-05 10:57:12,628 INFO org.apache.hadoop.metrics.jvm.JvmMetrics: Initializing JVM Metrics with processName=JobTracker, sessionId=
2015-09-05 10:57:13,514 WARN org.apache.hadoop.mapreduce.JobSubmitter: No job jar file set.  User classes may not be found. See Job or Job#setJar(String).
2015-09-05 10:57:13,524 INFO org.apache.hadoop.mapreduce.lib.input.FileInputFormat: Total input paths to process : 1
2015-09-05 10:57:13,592 INFO org.apache.hadoop.mapreduce.JobSubmitter: number of splits:1
2015-09-05 10:57:14,161 INFO org.apache.hadoop.mapreduce.JobSubmitter: Submitting tokens for job: job_local21381524_0001
2015-09-05 10:57:14,758 INFO org.apache.hadoop.mapreduce.Job: The url to track the job: http://localhost:8080/
2015-09-05 10:57:14,759 INFO org.apache.hadoop.mapreduce.Job: Running job: job_local21381524_0001
2015-09-05 10:57:14,761 INFO org.apache.hadoop.mapred.LocalJobRunner: OutputCommitter set in config null
2015-09-05 10:57:14,767 INFO org.apache.hadoop.mapreduce.lib.output.FileOutputCommitter: File Output Committer Algorithm version is 1
2015-09-05 10:57:14,770 INFO org.apache.hadoop.mapred.LocalJobRunner: OutputCommitter is org.apache.hadoop.mapreduce.lib.output.FileOutputCommitter
2015-09-05 10:57:14,954 INFO org.apache.hadoop.mapred.LocalJobRunner: Waiting for map tasks
2015-09-05 10:57:14,955 INFO org.apache.hadoop.mapred.LocalJobRunner: Starting task: attempt_local21381524_0001_m_000000_0
2015-09-05 10:57:15,110 INFO org.apache.hadoop.mapreduce.lib.output.FileOutputCommitter: File Output Committer Algorithm version is 1
2015-09-05 10:57:15,200 INFO org.apache.hadoop.mapred.Task:  Using ResourceCalculatorProcessTree : [ ]
2015-09-05 10:57:15,209 INFO org.apache.hadoop.mapred.MapTask: Processing split: file:/home/cloudera/Documents/input.txt:0+5589886
2015-09-05 10:57:15,484 INFO org.apache.hadoop.mapred.MapTask: (EQUATOR) 0 kvi 26214396(104857584)
2015-09-05 10:57:15,484 INFO org.apache.hadoop.mapred.MapTask: mapreduce.task.io.sort.mb: 100
2015-09-05 10:57:15,484 INFO org.apache.hadoop.mapred.MapTask: soft limit at 83886080
2015-09-05 10:57:15,484 INFO org.apache.hadoop.mapred.MapTask: bufstart = 0; bufvoid = 104857600
2015-09-05 10:57:15,484 INFO org.apache.hadoop.mapred.MapTask: kvstart = 26214396; length = 6553600
2015-09-05 10:57:15,520 INFO org.apache.hadoop.mapred.MapTask: Map output collector class = org.apache.hadoop.mapred.MapTask$MapOutputBuffer
2015-09-05 10:57:15,764 INFO org.apache.hadoop.mapreduce.Job: Job job_local21381524_0001 running in uber mode : false
2015-09-05 10:57:15,793 INFO org.apache.hadoop.mapreduce.Job:  map 0% reduce 0%
2015-09-05 10:57:17,225 INFO org.apache.hadoop.mapred.LocalJobRunner: 
2015-09-05 10:57:17,226 INFO org.apache.hadoop.mapred.MapTask: Starting flush of map output
2015-09-05 10:57:17,226 INFO org.apache.hadoop.mapred.MapTask: Spilling map output
2015-09-05 10:57:17,226 INFO org.apache.hadoop.mapred.MapTask: bufstart = 0; bufend = 2176722; bufvoid = 104857600
2015-09-05 10:57:17,226 INFO org.apache.hadoop.mapred.MapTask: kvstart = 26214396(104857584); kvend = 24763252(99053008); length = 1451145/6553600
2015-09-05 10:57:17,915 INFO org.apache.hadoop.mapred.MapTask: Finished spill 0
2015-09-05 10:57:17,929 INFO org.apache.hadoop.mapred.Task: Task:attempt_local21381524_0001_m_000000_0 is done. And is in the process of committing
2015-09-05 10:57:17,968 INFO org.apache.hadoop.mapred.LocalJobRunner: map
2015-09-05 10:57:17,969 INFO org.apache.hadoop.mapred.Task: Task 'attempt_local21381524_0001_m_000000_0' done.
2015-09-05 10:57:17,969 INFO org.apache.hadoop.mapred.LocalJobRunner: Finishing task: attempt_local21381524_0001_m_000000_0
2015-09-05 10:57:17,969 INFO org.apache.hadoop.mapred.LocalJobRunner: map task executor complete.
2015-09-05 10:57:17,981 INFO org.apache.hadoop.mapred.LocalJobRunner: Waiting for reduce tasks
2015-09-05 10:57:17,981 INFO org.apache.hadoop.mapred.LocalJobRunner: Starting task: attempt_local21381524_0001_r_000000_0
2015-09-05 10:57:17,989 INFO org.apache.hadoop.mapreduce.lib.output.FileOutputCommitter: File Output Committer Algorithm version is 1
2015-09-05 10:57:17,989 INFO org.apache.hadoop.mapred.Task:  Using ResourceCalculatorProcessTree : [ ]
2015-09-05 10:57:17,996 INFO org.apache.hadoop.mapred.ReduceTask: Using ShuffleConsumerPlugin: org.apache.hadoop.mapreduce.task.reduce.Shuffle@163e1025
2015-09-05 10:57:18,014 INFO org.apache.hadoop.mapreduce.task.reduce.MergeManagerImpl: MergerManager: memoryLimit=681154944, maxSingleShuffleLimit=170288736, mergeThreshold=449562272, ioSortFactor=10, memToMemMergeOutputsThreshold=10
2015-09-05 10:57:18,025 INFO org.apache.hadoop.mapreduce.task.reduce.EventFetcher: attempt_local21381524_0001_r_000000_0 Thread started: EventFetcher for fetching Map Completion Events
2015-09-05 10:57:18,117 INFO org.apache.hadoop.mapreduce.task.reduce.LocalFetcher: localfetcher#1 about to shuffle output of map attempt_local21381524_0001_m_000000_0 decomp: 2902298 len: 2902302 to MEMORY
2015-09-05 10:57:18,329 INFO org.apache.hadoop.mapreduce.task.reduce.InMemoryMapOutput: Read 2902298 bytes from map-output for attempt_local21381524_0001_m_000000_0
2015-09-05 10:57:18,796 INFO org.apache.hadoop.mapreduce.Job:  map 100% reduce 0%
2015-09-05 10:57:18,807 INFO org.apache.hadoop.mapreduce.task.reduce.MergeManagerImpl: closeInMemoryFile -> map-output of size: 2902298, inMemoryMapOutputs.size() -> 1, commitMemory -> 0, usedMemory ->2902298
2015-09-05 10:57:18,835 INFO org.apache.hadoop.mapreduce.task.reduce.EventFetcher: EventFetcher is interrupted.. Returning
2015-09-05 10:57:18,838 INFO org.apache.hadoop.mapred.LocalJobRunner: 1 / 1 copied.
2015-09-05 10:57:18,838 INFO org.apache.hadoop.mapreduce.task.reduce.MergeManagerImpl: finalMerge called with 1 in-memory map-outputs and 0 on-disk map-outputs
2015-09-05 10:57:18,851 INFO org.apache.hadoop.mapred.Merger: Merging 1 sorted segments
2015-09-05 10:57:18,852 INFO org.apache.hadoop.mapred.Merger: Down to the last merge-pass, with 1 segments left of total size: 2902294 bytes
2015-09-05 10:57:19,590 INFO org.apache.hadoop.mapreduce.task.reduce.MergeManagerImpl: Merged 1 segments, 2902298 bytes to disk to satisfy reduce memory limit
2015-09-05 10:57:19,591 INFO org.apache.hadoop.mapreduce.task.reduce.MergeManagerImpl: Merging 1 files, 2902302 bytes from disk
2015-09-05 10:57:19,591 INFO org.apache.hadoop.mapreduce.task.reduce.MergeManagerImpl: Merging 0 segments, 0 bytes from memory into reduce
2015-09-05 10:57:19,592 INFO org.apache.hadoop.mapred.Merger: Merging 1 sorted segments
2015-09-05 10:57:19,592 INFO org.apache.hadoop.mapred.Merger: Down to the last merge-pass, with 1 segments left of total size: 2902294 bytes
2015-09-05 10:57:19,593 INFO org.apache.hadoop.mapred.LocalJobRunner: 1 / 1 copied.
2015-09-05 10:57:19,905 INFO org.apache.hadoop.conf.Configuration.deprecation: mapred.skip.on is deprecated. Instead, use mapreduce.job.skiprecords
2015-09-05 10:57:20,467 INFO org.apache.hadoop.mapred.Task: Task:attempt_local21381524_0001_r_000000_0 is done. And is in the process of committing
2015-09-05 10:57:20,471 INFO org.apache.hadoop.mapred.LocalJobRunner: 1 / 1 copied.
2015-09-05 10:57:20,474 INFO org.apache.hadoop.mapred.Task: Task attempt_local21381524_0001_r_000000_0 is allowed to commit now
2015-09-05 10:57:20,476 INFO org.apache.hadoop.mapreduce.lib.output.FileOutputCommitter: Saved output of task 'attempt_local21381524_0001_r_000000_0' to file:/home/cloudera/Documents/output.txt/_temporary/0/task_local21381524_0001_r_000000
2015-09-05 10:57:20,477 INFO org.apache.hadoop.mapred.LocalJobRunner: reduce > reduce
2015-09-05 10:57:20,477 INFO org.apache.hadoop.mapred.Task: Task 'attempt_local21381524_0001_r_000000_0' done.
2015-09-05 10:57:20,480 INFO org.apache.hadoop.mapred.LocalJobRunner: Finishing task: attempt_local21381524_0001_r_000000_0
2015-09-05 10:57:20,481 INFO org.apache.hadoop.mapred.LocalJobRunner: reduce task executor complete.
2015-09-05 10:57:20,798 INFO org.apache.hadoop.mapreduce.Job:  map 100% reduce 100%
2015-09-05 10:57:20,798 INFO org.apache.hadoop.mapreduce.Job: Job job_local21381524_0001 completed successfully
2015-09-05 10:57:20,810 INFO org.apache.hadoop.mapreduce.Job: Counters: 33
	File System Counters
		FILE: Number of bytes read=16984730
		FILE: Number of bytes written=9225240
		FILE: Number of read operations=0
		FILE: Number of large read operations=0
		FILE: Number of write operations=0
	Map-Reduce Framework
		Map input records=124787
		Map output records=362787
		Map output bytes=2176722
		Map output materialized bytes=2902302
		Input split bytes=104
		Combine input records=0
		Combine output records=0
		Reduce input groups=26
		Reduce shuffle bytes=2902302
		Reduce input records=362787
		Reduce output records=26
		Spilled Records=725574
		Shuffled Maps =1
		Failed Shuffles=0
		Merged Map outputs=1
		GC time elapsed (ms)=78
		CPU time spent (ms)=0
		Physical memory (bytes) snapshot=0
		Virtual memory (bytes) snapshot=0
		Total committed heap usage (bytes)=331489280
	Shuffle Errors
		BAD_ID=0
		CONNECTION=0
		IO_ERROR=0
		WRONG_LENGTH=0
		WRONG_MAP=0
		WRONG_REDUCE=0
	File Input Format Counters 
		Bytes Read=5589886
	File Output Format Counters 
		Bytes Written=204
